<?xml version="1.0" encoding="UTF-8"?>
<!-- Generated by org.testng.reporters.JUnitReportReporter -->
<testsuite hostname="DESKTOP-3PAP07V" failures="0" tests="1" name="Testclasses.TC1" time="15.912" errors="0" timestamp="2022-11-14T15:22:19 IST" skipped="0">
  <testcase classname="Testclasses.TC1" name="VerifyText" time="15.912"/>
  <system-out>
    <![CDATA[running verify text]]>
  </system-out>
</testsuite> <!-- Testclasses.TC1 -->
